<?xml version="1.0" encoding="UTF-8"?><testrun name="BankJavaTest" project="bankjava" tests="2" started="2" failures="0" errors="1" ignored="0">
  <testsuite name="com.school.bankjava.test.BankJavaTest" time="0.211">
    <testcase name="마이바티스의SqlSessionFactory를가져온다_널이아니기를기대한다_그리고_싱글턴패턴체크" classname="com.school.bankjava.test.BankJavaTest" time="0.0"/>
    <testcase name="프로시저호출확인_각각의테이블에서하나씩데이터가증가됨을확인한다" classname="com.school.bankjava.test.BankJavaTest" time="0.211">
      <error>org.apache.ibatis.exceptions.PersistenceException: &#13;
### Error updating database.  Cause: java.sql.SQLException: Parameter index out of range (1 &gt; number of parameters, which is 0).&#13;
### The error may involve com.school.bankjava.mapper.makeUser-Inline&#13;
### The error occurred while setting parameters&#13;
### SQL: { makeUser( ? ) }&#13;
### Cause: java.sql.SQLException: Parameter index out of range (1 &gt; number of parameters, which is 0).&#13;
	at org.apache.ibatis.exceptions.ExceptionFactory.wrapException(ExceptionFactory.java:26)&#13;
	at org.apache.ibatis.session.defaults.DefaultSqlSession.update(DefaultSqlSession.java:154)&#13;
	at org.apache.ibatis.session.defaults.DefaultSqlSession.insert(DefaultSqlSession.java:141)&#13;
	at com.school.bankjava.test.BankJavaTest.프로시저호출확인_각각의테이블에서하나씩데이터가증가됨을확인한다(BankJavaTest.java:38)&#13;
	at sun.reflect.NativeMethodAccessorImpl.invoke0(Native Method)&#13;
	at sun.reflect.NativeMethodAccessorImpl.invoke(NativeMethodAccessorImpl.java:62)&#13;
	at sun.reflect.DelegatingMethodAccessorImpl.invoke(DelegatingMethodAccessorImpl.java:43)&#13;
	at java.lang.reflect.Method.invoke(Method.java:483)&#13;
	at org.junit.runners.model.FrameworkMethod$1.runReflectiveCall(FrameworkMethod.java:47)&#13;
	at org.junit.internal.runners.model.ReflectiveCallable.run(ReflectiveCallable.java:12)&#13;
	at org.junit.runners.model.FrameworkMethod.invokeExplosively(FrameworkMethod.java:44)&#13;
	at org.junit.internal.runners.statements.InvokeMethod.evaluate(InvokeMethod.java:17)&#13;
	at org.junit.runners.ParentRunner.runLeaf(ParentRunner.java:271)&#13;
	at org.junit.runners.BlockJUnit4ClassRunner.runChild(BlockJUnit4ClassRunner.java:70)&#13;
	at org.junit.runners.BlockJUnit4ClassRunner.runChild(BlockJUnit4ClassRunner.java:50)&#13;
	at org.junit.runners.ParentRunner$3.run(ParentRunner.java:238)&#13;
	at org.junit.runners.ParentRunner$1.schedule(ParentRunner.java:63)&#13;
	at org.junit.runners.ParentRunner.runChildren(ParentRunner.java:236)&#13;
	at org.junit.runners.ParentRunner.access$000(ParentRunner.java:53)&#13;
	at org.junit.runners.ParentRunner$2.evaluate(ParentRunner.java:229)&#13;
	at org.junit.runners.ParentRunner.run(ParentRunner.java:309)&#13;
	at org.eclipse.jdt.internal.junit4.runner.JUnit4TestReference.run(JUnit4TestReference.java:50)&#13;
	at org.eclipse.jdt.internal.junit.runner.TestExecution.run(TestExecution.java:38)&#13;
	at org.eclipse.jdt.internal.junit.runner.RemoteTestRunner.runTests(RemoteTestRunner.java:459)&#13;
	at org.eclipse.jdt.internal.junit.runner.RemoteTestRunner.runTests(RemoteTestRunner.java:675)&#13;
	at org.eclipse.jdt.internal.junit.runner.RemoteTestRunner.run(RemoteTestRunner.java:382)&#13;
	at org.eclipse.jdt.internal.junit.runner.RemoteTestRunner.main(RemoteTestRunner.java:192)&#13;
Caused by: java.sql.SQLException: Parameter index out of range (1 &gt; number of parameters, which is 0).&#13;
	at com.mysql.jdbc.SQLError.createSQLException(SQLError.java:1055)&#13;
	at com.mysql.jdbc.SQLError.createSQLException(SQLError.java:956)&#13;
	at com.mysql.jdbc.SQLError.createSQLException(SQLError.java:926)&#13;
	at com.mysql.jdbc.PreparedStatement.checkBounds(PreparedStatement.java:3288)&#13;
	at com.mysql.jdbc.PreparedStatement.setInternal(PreparedStatement.java:3272)&#13;
	at com.mysql.jdbc.PreparedStatement.setString(PreparedStatement.java:4108)&#13;
	at org.apache.ibatis.type.StringTypeHandler.setNonNullParameter(StringTypeHandler.java:31)&#13;
	at org.apache.ibatis.type.StringTypeHandler.setNonNullParameter(StringTypeHandler.java:26)&#13;
	at org.apache.ibatis.type.BaseTypeHandler.setParameter(BaseTypeHandler.java:50)&#13;
	at org.apache.ibatis.type.UnknownTypeHandler.setNonNullParameter(UnknownTypeHandler.java:45)&#13;
	at org.apache.ibatis.type.BaseTypeHandler.setParameter(BaseTypeHandler.java:50)&#13;
	at org.apache.ibatis.scripting.defaults.DefaultParameterHandler.setParameters(DefaultParameterHandler.java:81)&#13;
	at org.apache.ibatis.executor.statement.CallableStatementHandler.parameterize(CallableStatementHandler.java:83)&#13;
	at org.apache.ibatis.executor.statement.RoutingStatementHandler.parameterize(RoutingStatementHandler.java:61)&#13;
	at org.apache.ibatis.executor.SimpleExecutor.prepareStatement(SimpleExecutor.java:74)&#13;
	at org.apache.ibatis.executor.SimpleExecutor.doUpdate(SimpleExecutor.java:47)&#13;
	at org.apache.ibatis.executor.BaseExecutor.update(BaseExecutor.java:105)&#13;
	at org.apache.ibatis.executor.CachingExecutor.update(CachingExecutor.java:71)&#13;
	at org.apache.ibatis.session.defaults.DefaultSqlSession.update(DefaultSqlSession.java:152)&#13;
	... 25 more&#13;
&#13;
</error>
    </testcase>
  </testsuite>
</testrun>
